<?xml version="1.0" encoding="utf-8"?>
<testsuites time="0.731" tests="7" failures="3">
  <testsuite id="0" name="Source.TestSubmission.dll" tests="7" failures="3" time="0.731">
    <testcase classname="Codenation.Challenge.QuoteControllerTest" name="Codenation.Challenge.QuoteControllerTest.Should_Returns_Not_Found_When_Get_Any_Quote_By_Non_Exists_Actor" time="0.3520000" />
    <testcase classname="Codenation.Challenge.QuoteControllerTest" name="Codenation.Challenge.QuoteControllerTest.Should_Returns_Random_Quote_When_Get_Any" time="0.0080000">
      <error message="System.NullReferenceException : Object reference not set to an instance of an object.">   at Codenation.Challenge.QuoteControllerTest.Should_Returns_Random_Quote_When_Get_Any() in C:\Users\bruno\codenation\csharp-5\Source.TestSubmission\QuoteControllerTest.cs:line 49</error>
    </testcase>
    <testcase classname="Codenation.Challenge.QuoteControllerTest" name="Codenation.Challenge.QuoteControllerTest.Should_Returns_Random_Quote_When_Get_Any_By_Actor" time="0.0030000">
      <error message="System.NullReferenceException : Object reference not set to an instance of an object.">   at Codenation.Challenge.QuoteControllerTest.Should_Returns_Random_Quote_When_Get_Any_By_Actor() in C:\Users\bruno\codenation\csharp-5\Source.TestSubmission\QuoteControllerTest.cs:line 65</error>
    </testcase>
    <testcase classname="Codenation.Challenge.QuoteServiceTest" name="Codenation.Challenge.QuoteServiceTest.Should_Returns_Any_Quote_When_Get_Any_Quote" time="0.3520000" />
    <testcase classname="Codenation.Challenge.QuoteServiceTest" name="Codenation.Challenge.QuoteServiceTest.Should_Returns_Null_When_Get_Any_Quote_By_Non_Exists_Actor" time="0.0060000" />
    <testcase classname="Codenation.Challenge.QuoteServiceTest" name="Codenation.Challenge.QuoteServiceTest.Should_Returns_Any_Quote_When_Get_Any_Quote_By_Actor" time="0.0030000" />
    <testcase classname="Codenation.Challenge.RandomServiceTest" name="Codenation.Challenge.RandomServiceTest.Should_Generate_Random_Number_When_Get_Random_Integer" time="0.0070000">
      <error message="System.DivideByZeroException : Attempted to divide by zero.">   at Codenation.Challenge.RandomServiceTest.Should_Generate_Random_Number_When_Get_Random_Integer() in C:\Users\bruno\codenation\csharp-5\Source.TestSubmission\RandomServiceTest.cs:line 18</error>
    </testcase>
  </testsuite>
</testsuites>