<?xml version="1.0" encoding="utf-8"?>
<testsuites time="1.185" tests="7" failures="2">
  <testsuite id="0" name="Source.TestSubmission.dll" tests="7" failures="2" time="1.185">
    <testcase classname="Codenation.Challenge.QuoteControllerTest" name="Codenation.Challenge.QuoteControllerTest.Should_Returns_Not_Found_When_Get_Any_Quote_By_Non_Exists_Actor" time="0.5040000" />
    <testcase classname="Codenation.Challenge.QuoteControllerTest" name="Codenation.Challenge.QuoteControllerTest.Should_Returns_Random_Quote_When_Get_Any" time="0.1190000">
      <error message="System.NullReferenceException : Object reference not set to an instance of an object.">   at Codenation.Challenge.QuoteControllerTest.Should_Returns_Random_Quote_When_Get_Any() in C:\Users\bruno\codenation\csharp-5\Source.TestSubmission\QuoteControllerTest.cs:line 49</error>
    </testcase>
    <testcase classname="Codenation.Challenge.QuoteControllerTest" name="Codenation.Challenge.QuoteControllerTest.Should_Returns_Random_Quote_When_Get_Any_By_Actor" time="0.0040000">
      <error message="System.NullReferenceException : Object reference not set to an instance of an object.">   at Codenation.Challenge.QuoteControllerTest.Should_Returns_Random_Quote_When_Get_Any_By_Actor() in C:\Users\bruno\codenation\csharp-5\Source.TestSubmission\QuoteControllerTest.cs:line 65</error>
    </testcase>
    <testcase classname="Codenation.Challenge.QuoteServiceTest" name="Codenation.Challenge.QuoteServiceTest.Should_Returns_Any_Quote_When_Get_Any_Quote" time="0.5330000" />
    <testcase classname="Codenation.Challenge.QuoteServiceTest" name="Codenation.Challenge.QuoteServiceTest.Should_Returns_Null_When_Get_Any_Quote_By_Non_Exists_Actor" time="0.0030000" />
    <testcase classname="Codenation.Challenge.QuoteServiceTest" name="Codenation.Challenge.QuoteServiceTest.Should_Returns_Any_Quote_When_Get_Any_Quote_By_Actor" time="0.0030000" />
    <testcase classname="Codenation.Challenge.RandomServiceTest" name="Codenation.Challenge.RandomServiceTest.Should_Generate_Random_Number_When_Get_Random_Integer" time="0.0190000" />
  </testsuite>
</testsuites>